<?xml version="1.0" encoding="UTF-8"?>
<!-- Generated by org.testng.reporters.JUnitXMLReporter -->
<testsuite hostname="NMSLAP494" ignored="0" name="Parallel" tests="6" failures="0" timestamp="2023-02-13T22:18:04 IST" time="6.788" errors="0">
  <testcase name="fc2fcOrderCreation" time="2.665" classname="stepDefinitions.FC2FCOrderSingleLineItem"/>
  <testcase name="generatePicklist" time="0.586" classname="stepDefinitions.FC2FCOrderSingleLineItem"/>
  <testcase name="makeInvoice" time="0.917" classname="stepDefinitions.FC2FCOrderSingleLineItem"/>
  <testcase name="FC2FCorder" time="0.92" classname="stepDefinitions.FC2FCOrderMultipleLineItem"/>
  <testcase name="generatepicklist" time="0.662" classname="stepDefinitions.FC2FCOrderMultipleLineItem"/>
  <testcase name="makeInvoice" time="0.999" classname="stepDefinitions.FC2FCOrderMultipleLineItem"/>
</testsuite> <!-- Parallel -->
