<?xml version="1.0" encoding="UTF-8"?>
<!-- Generated by org.testng.reporters.JUnitXMLReporter -->
<testsuite hostname="NMSLAP494" ignored="0" name="Parallel test 1" tests="5" failures="0" timestamp="2023-02-13T22:43:34 IST" time="6.065" errors="0">
  <testcase name="fc2fcOrderCreation" time="2.788" classname="stepDefinitions.FC2FCOrderSingleLineItem"/>
  <testcase name="fc2fcOrderCreation" time="0.729" classname="stepDefinitions.FC2FCOrderSingleLineItem"/>
  <testcase name="fc2fcOrderCreation" time="0.941" classname="stepDefinitions.FC2FCOrderSingleLineItem"/>
  <testcase name="fc2fcOrderCreation" time="0.798" classname="stepDefinitions.FC2FCOrderSingleLineItem"/>
  <testcase name="fc2fcOrderCreation" time="0.765" classname="stepDefinitions.FC2FCOrderSingleLineItem"/>
</testsuite> <!-- Parallel test 1 -->
